#-----------------------------------------------------------
# Vivado v2017.4 (64-bit)
# SW Build 2086221 on Fri Dec 15 20:54:30 MST 2017
# IP Build 2085800 on Fri Dec 15 22:25:07 MST 2017
# Start of session at: Mon Apr 30 13:18:26 2018
# Process ID: 8324
# Current directory: /home/giovanni/xilinx_projects/Fixed_Point_Exponential/Fixed_Point_Exponential.srcs/sources_1/new
# Command line: vivado
# Log file: /home/giovanni/xilinx_projects/Fixed_Point_Exponential/Fixed_Point_Exponential.srcs/sources_1/new/vivado.log
# Journal file: /home/giovanni/xilinx_projects/Fixed_Point_Exponential/Fixed_Point_Exponential.srcs/sources_1/new/vivado.jou
#-----------------------------------------------------------
start_gui
open_project /home/giovanni/xilinx_projects/Fixed_Point_Exponential/Fixed_Point_Exponential.xpr
Scanning sources...
Finished scanning sources
INFO: [IP_Flow 19-234] Refreshing IP repositories
INFO: [IP_Flow 19-1704] No user IP repositories specified
INFO: [IP_Flow 19-2313] Loaded Vivado IP repository '/opt/Xilinx/Vivado/2017.4/data/ip'.
update_compile_order -fileset sources_1
update_compile_order -fileset sources_1
update_compile_order -fileset sources_1
set_property top Fract_LUT [current_fileset]
update_compile_order -fileset sources_1
launch_runs synth_1 -jobs 4
[Mon Apr 30 13:30:22 2018] Launched synth_1...
Run output will be captured here: /home/giovanni/xilinx_projects/Fixed_Point_Exponential/Fixed_Point_Exponential.runs/synth_1/runme.log
reset_run synth_1
launch_runs synth_1 -jobs 4
[Mon Apr 30 14:28:27 2018] Launched synth_1...
Run output will be captured here: /home/giovanni/xilinx_projects/Fixed_Point_Exponential/Fixed_Point_Exponential.runs/synth_1/runme.log
reset_run synth_1
launch_runs synth_1 -jobs 4
[Mon Apr 30 14:34:09 2018] Launched synth_1...
Run output will be captured here: /home/giovanni/xilinx_projects/Fixed_Point_Exponential/Fixed_Point_Exponential.runs/synth_1/runme.log
reset_run synth_1
launch_runs synth_1 -jobs 4
[Mon Apr 30 14:35:35 2018] Launched synth_1...
Run output will be captured here: /home/giovanni/xilinx_projects/Fixed_Point_Exponential/Fixed_Point_Exponential.runs/synth_1/runme.log
reset_run synth_1
launch_runs synth_1 -jobs 4
[Mon Apr 30 14:37:07 2018] Launched synth_1...
Run output will be captured here: /home/giovanni/xilinx_projects/Fixed_Point_Exponential/Fixed_Point_Exponential.runs/synth_1/runme.log
reset_run synth_1
launch_runs synth_1 -jobs 4
[Mon Apr 30 14:43:00 2018] Launched synth_1...
Run output will be captured here: /home/giovanni/xilinx_projects/Fixed_Point_Exponential/Fixed_Point_Exponential.runs/synth_1/runme.log
reset_run synth_1
launch_runs synth_1 -jobs 4
[Mon Apr 30 14:45:33 2018] Launched synth_1...
Run output will be captured here: /home/giovanni/xilinx_projects/Fixed_Point_Exponential/Fixed_Point_Exponential.runs/synth_1/runme.log
reset_run synth_1
launch_runs synth_1 -jobs 4
[Mon Apr 30 14:47:02 2018] Launched synth_1...
Run output will be captured here: /home/giovanni/xilinx_projects/Fixed_Point_Exponential/Fixed_Point_Exponential.runs/synth_1/runme.log
reset_run synth_1
launch_runs synth_1 -jobs 4
[Mon Apr 30 14:49:20 2018] Launched synth_1...
Run output will be captured here: /home/giovanni/xilinx_projects/Fixed_Point_Exponential/Fixed_Point_Exponential.runs/synth_1/runme.log
exit
INFO: [Common 17-206] Exiting Vivado at Mon Apr 30 14:50:36 2018...
